[    0.000000] Linux version 4.15.0-212-generic (buildd@lcy02-amd64-083) (gcc version 7.5.0 (Ubuntu 7.5.0-3ubuntu1~18.04)) #223-Ubuntu SMP Tue May 23 13:09:22 UTC 2023 (Ubuntu 4.15.0-212.223-generic 4.15.18)
[    0.000000] Command line: BOOT_IMAGE=/boot/vmlinuz-4.15.0-212-generic root=LABEL=cloudimg-rootfs ro console=tty1 console=ttyS0
[    0.000000] KERNEL supported cpus:
[    0.000000]   Intel GenuineIntel
[    0.000000]   AMD AuthenticAMD
[    0.000000]   Centaur CentaurHauls
[    0.000000] x86/fpu: x87 FPU will use FXSAVE
[    0.000000] e820: BIOS-provided physical RAM map:
[    0.000000] BIOS-e820: [mem 0x0000000000000000-0x000000000009fbff] usable
[    0.000000] BIOS-e820: [mem 0x000000000009fc00-0x000000000009ffff] reserved
[    0.000000] BIOS-e820: [mem 0x00000000000f0000-0x00000000000fffff] reserved
[    0.000000] BIOS-e820: [mem 0x0000000000100000-0x000000001ffeffff] usable
[    0.000000] BIOS-e820: [mem 0x000000001fff0000-0x000000001fffffff] ACPI data
[    0.000000] BIOS-e820: [mem 0x00000000fec00000-0x00000000fec00fff] reserved
[    0.000000] BIOS-e820: [mem 0x00000000fee00000-0x00000000fee00fff] reserved
[    0.000000] BIOS-e820: [mem 0x00000000fffc0000-0x00000000ffffffff] reserved
[    0.000000] NX (Execute Disable) protection: active
[    0.000000] SMBIOS 2.5 present.
[    0.000000] DMI: innotek GmbH VirtualBox/VirtualBox, BIOS VirtualBox 12/01/2006
[    0.000000] Hypervisor detected: KVM
[    0.000000] e820: last_pfn = 0x1fff0 max_arch_pfn = 0x400000000
[    0.000000] x86/PAT: Configuration [0-7]: WB  WC  UC- UC  WB  WP  UC- WT  
[    0.000000] CPU MTRRs all blank - virtualized system.
[    0.000000] found SMP MP-table at [mem 0x0009fbf0-0x0009fbff]
[    0.000000] Scanning 1 areas for low memory corruption
[    0.000000] RAMDISK: [mem 0x1db01000-0x1ee12fff]
[    0.000000] ACPI: Early table checksum verification disabled
[    0.000000] ACPI: RSDP 0x00000000000E0000 000024 (v02 VBOX  )
[    0.000000] ACPI: XSDT 0x000000001FFF0030 00003C (v01 VBOX   VBOXXSDT 00000001 ASL  00000061)
[    0.000000] ACPI: FACP 0x000000001FFF00F0 0000F4 (v04 VBOX   VBOXFACP 00000001 ASL  00000061)
[    0.000000] ACPI: DSDT 0x000000001FFF0610 002353 (v02 VBOX   VBOXBIOS 00000002 INTL 20100528)
[    0.000000] ACPI: FACS 0x000000001FFF0200 000040
[    0.000000] ACPI: FACS 0x000000001FFF0200 000040
[    0.000000] ACPI: APIC 0x000000001FFF0240 000054 (v02 VBOX   VBOXAPIC 00000001 ASL  00000061)
[    0.000000] ACPI: SSDT 0x000000001FFF02A0 00036C (v01 VBOX   VBOXCPUT 00000002 INTL 20100528)
[    0.000000] ACPI: Reserving FACP table memory at [mem 0x1fff00f0-0x1fff01e3]
[    0.000000] ACPI: Reserving DSDT table memory at [mem 0x1fff0610-0x1fff2962]
[    0.000000] ACPI: Reserving FACS table memory at [mem 0x1fff0200-0x1fff023f]
[    0.000000] ACPI: Reserving FACS table memory at [mem 0x1fff0200-0x1fff023f]
[    0.000000] ACPI: Reserving APIC table memory at [mem 0x1fff0240-0x1fff0293]
[    0.000000] ACPI: Reserving SSDT table memory at [mem 0x1fff02a0-0x1fff060b]
[    0.000000] No NUMA configuration found
[    0.000000] Faking a node at [mem 0x0000000000000000-0x000000001ffeffff]
[    0.000000] NODE_DATA(0) allocated [mem 0x1ffc5000-0x1ffeffff]
[    0.000000] kvm-clock: cpu 0, msr 0:1ff44001, primary cpu clock
[    0.000000] kvm-clock: Using msrs 4b564d01 and 4b564d00
[    0.000000] kvm-clock: using sched offset of 3709122096 cycles
[    0.000000] clocksource: kvm-clock: mask: 0xffffffffffffffff max_cycles: 0x1cd42e4dffb, max_idle_ns: 881590591483 ns
[    0.000000] Zone ranges:
[    0.000000]   DMA      [mem 0x0000000000001000-0x0000000000ffffff]
[    0.000000]   DMA32    [mem 0x0000000001000000-0x000000001ffeffff]
[    0.000000]   Normal   empty
[    0.000000]   Device   empty
[    0.000000] Movable zone start for each node
[    0.000000] Early memory node ranges
[    0.000000]   node   0: [mem 0x0000000000001000-0x000000000009efff]
[    0.000000]   node   0: [mem 0x0000000000100000-0x000000001ffeffff]
[    0.000000] Reserved but unavailable: 104 pages
[    0.000000] Initmem setup node 0 [mem 0x0000000000001000-0x000000001ffeffff]
[    0.000000] ACPI: PM-Timer IO Port: 0x4008
[    0.000000] IOAPIC[0]: apic_id 1, version 32, address 0xfec00000, GSI 0-23
[    0.000000] ACPI: INT_SRC_OVR (bus 0 bus_irq 0 global_irq 2 dfl dfl)
[    0.000000] ACPI: INT_SRC_OVR (bus 0 bus_irq 9 global_irq 9 low level)
[    0.000000] Using ACPI (MADT) for SMP configuration information
[    0.000000] smpboot: Allowing 1 CPUs, 0 hotplug CPUs
[    0.000000] PM: Registered nosave memory: [mem 0x00000000-0x00000fff]
[    0.000000] PM: Registered nosave memory: [mem 0x0009f000-0x0009ffff]
[    0.000000] PM: Registered nosave memory: [mem 0x000a0000-0x000effff]
[    0.000000] PM: Registered nosave memory: [mem 0x000f0000-0x000fffff]
[    0.000000] e820: [mem 0x20000000-0xfebfffff] available for PCI devices
[    0.000000] Booting paravirtualized kernel on KVM
[    0.000000] clocksource: refined-jiffies: mask: 0xffffffff max_cycles: 0xffffffff, max_idle_ns: 7645519600211568 ns
[    0.000000] setup_percpu: NR_CPUS:8192 nr_cpumask_bits:1 nr_cpu_ids:1 nr_node_ids:1
[    0.000000] percpu: Embedded 50 pages/cpu s167936 r8192 d28672 u2097152
[    0.000000] PV qspinlock hash table entries: 256 (order: 0, 4096 bytes)
[    0.000000] Built 1 zonelists, mobility grouping on.  Total pages: 128889
[    0.000000] Policy zone: DMA32
[    0.000000] Kernel command line: BOOT_IMAGE=/boot/vmlinuz-4.15.0-212-generic root=LABEL=cloudimg-rootfs ro console=tty1 console=ttyS0
[    0.000000] Memory: 466748K/523832K available (12300K kernel code, 2477K rwdata, 4324K rodata, 2480K init, 2720K bss, 57084K reserved, 0K cma-reserved)
[    0.000000] SLUB: HWalign=64, Order=0-3, MinObjects=0, CPUs=1, Nodes=1
[    0.000000] ftrace: allocating 39508 entries in 155 pages
[    0.004000] Hierarchical RCU implementation.
[    0.004000] 	RCU restricting CPUs from NR_CPUS=8192 to nr_cpu_ids=1.
[    0.004000] 	Tasks RCU enabled.
[    0.004000] RCU: Adjusting geometry for rcu_fanout_leaf=16, nr_cpu_ids=1
[    0.004000] NR_IRQS: 524544, nr_irqs: 256, preallocated irqs: 16
[    0.004000] random: crng init done
[    0.004000] Console: colour VGA+ 80x25
[    0.004000] console [tty1] enabled
[    0.004000] console [ttyS0] enabled
[    0.004000] ACPI: Core revision 20170831
[    0.004000] ACPI: 2 ACPI AML tables successfully acquired and loaded
[    0.004000] APIC: Switch to symmetric I/O mode setup
[    0.004000] ..TIMER: vector=0x30 apic1=0 pin1=2 apic2=-1 pin2=-1
[    0.004005] tsc: Detected 2687.998 MHz processor
[    0.006804] Calibrating delay loop (skipped) preset value.. 5375.99 BogoMIPS (lpj=10751992)
[    0.008009] pid_max: default: 32768 minimum: 301
[    0.012028] Security Framework initialized
[    0.014907] Yama: becoming mindful.
[    0.016024] AppArmor: AppArmor initialized
[    0.018763] Dentry cache hash table entries: 65536 (order: 7, 524288 bytes)
[    0.020036] Inode-cache hash table entries: 32768 (order: 6, 262144 bytes)
[    0.024014] Mount-cache hash table entries: 1024 (order: 1, 8192 bytes)
[    0.028008] Mountpoint-cache hash table entries: 1024 (order: 1, 8192 bytes)
[    0.036707] Last level iTLB entries: 4KB 0, 2MB 0, 4MB 0
[    0.039792] Last level dTLB entries: 4KB 0, 2MB 0, 4MB 0, 1GB 0
[    0.040004] Spectre V1 : Mitigation: usercopy/swapgs barriers and __user pointer sanitization
[    0.044007] Spectre V2 : Mitigation: Enhanced IBRS
[    0.048003] Spectre V2 : Spectre v2 / SpectreRSB mitigation: Filling RSB on context switch
[    0.052002] Spectre V2 : Spectre v2 / PBRSB-eIBRS: Retire a single CALL on VMEXIT
[    0.056003] RETBleed: Mitigation: Enhanced IBRS
[    0.060005] Speculative Store Bypass: Vulnerable
[    0.070780] Freeing SMP alternatives memory: 36K
[    0.180263] smpboot: CPU0: 11th Gen Intel(R) Core(TM) i5-11400H @ 2.70GHz (family: 0x6, model: 0x8d, stepping: 0x1)
[    0.184068] Performance Events: unsupported p6 CPU model 141 no PMU driver, software events only.
[    0.188049] Hierarchical SRCU implementation.
[    0.192419] NMI watchdog: Perf event create on CPU 0 failed with -2
[    0.196004] NMI watchdog: Perf NMI watchdog permanently disabled
[    0.200049] smp: Bringing up secondary CPUs ...
[    0.204030] smp: Brought up 1 node, 1 CPU
[    0.208004] smpboot: Max logical packages: 1
[    0.212004] smpboot: Total of 1 processors activated (5375.99 BogoMIPS)
[    0.216159] devtmpfs: initialized
[    0.218345] x86/mm: Memory block size: 128MB
[    0.220097] evm: security.selinux
[    0.224004] evm: security.SMACK64
[    0.226106] evm: security.SMACK64EXEC
[    0.228002] evm: security.SMACK64TRANSMUTE
[    0.230495] evm: security.SMACK64MMAP
[    0.232004] evm: security.apparmor
[    0.234038] evm: security.ima
[    0.236008] evm: security.capability
[    0.240111] clocksource: jiffies: mask: 0xffffffff max_cycles: 0xffffffff, max_idle_ns: 7645041785100000 ns
[    0.244015] futex hash table entries: 256 (order: 2, 16384 bytes)
[    0.248044] pinctrl core: initialized pinctrl subsystem
[    0.252285] RTC time: 21:43:01, date: 11/10/24
[    0.255106] NET: Registered protocol family 16
[    0.256062] audit: initializing netlink subsys (disabled)
[    0.260115] cpuidle: using governor ladder
[    0.264017] audit: type=2000 audit(1731274986.409:1): state=initialized audit_enabled=0 res=1
[    0.268016] cpuidle: using governor menu
[    0.272059] ACPI: bus type PCI registered
[    0.276005] acpiphp: ACPI Hot Plug PCI Controller Driver version: 0.5
[    0.280267] PCI: Using configuration type 1 for base access
[    0.284786] HugeTLB registered 2.00 MiB page size, pre-allocated 0 pages
[    0.288138] ACPI: Added _OSI(Module Device)
[    0.290488] ACPI: Added _OSI(Processor Device)
[    0.292005] ACPI: Added _OSI(3.0 _SCP Extensions)
[    0.296013] ACPI: Added _OSI(Processor Aggregator Device)
[    0.300017] ACPI: Added _OSI(Linux-Dell-Video)
[    0.302588] ACPI: Added _OSI(Linux-Lenovo-NV-HDMI-Audio)
[    0.304024] ACPI: Added _OSI(Linux-HPI-Hybrid-Graphics)
[    0.308595] ACPI: Executed 1 blocks of module-level executable AML code
[    0.317623] ACPI: Interpreter enabled
[    0.320012] ACPI: (supports S0 S5)
[    0.322456] ACPI: Using IOAPIC for interrupt routing
[    0.324466] PCI: Using host bridge windows from ACPI; if necessary, use "pci=nocrs" and report a bug
[    0.328204] ACPI: Enabled 2 GPEs in block 00 to 07
[    0.340387] ACPI: PCI Root Bridge [PCI0] (domain 0000 [bus 00-ff])
[    0.343873] acpi PNP0A03:00: _OSC: OS supports [ASPM ClockPM Segments MSI]
[    0.348491] acpi PNP0A03:00: _OSC: not requesting OS control; OS requires [ExtendedConfig ASPM ClockPM MSI]
[    0.352091] acpi PNP0A03:00: fail to add MMCONFIG information, can't access extended PCI configuration space under this bridge.
[    0.356539] PCI host bridge to bus 0000:00
[    0.360005] pci_bus 0000:00: root bus resource [io  0x0000-0x0cf7 window]
[    0.364005] pci_bus 0000:00: root bus resource [io  0x0d00-0xffff window]
[    0.368005] pci_bus 0000:00: root bus resource [mem 0x000a0000-0x000bffff window]
[    0.372004] pci_bus 0000:00: root bus resource [mem 0x20000000-0xfdffffff window]
[    0.376004] pci_bus 0000:00: root bus resource [bus 00-ff]
[    0.385694] pci 0000:00:01.1: legacy IDE quirk: reg 0x10: [io  0x01f0-0x01f7]
[    0.388006] pci 0000:00:01.1: legacy IDE quirk: reg 0x14: [io  0x03f6]
[    0.392005] pci 0000:00:01.1: legacy IDE quirk: reg 0x18: [io  0x0170-0x0177]
[    0.396006] pci 0000:00:01.1: legacy IDE quirk: reg 0x1c: [io  0x0376]
[    0.417707] pci 0000:00:07.0: quirk: [io  0x4000-0x403f] claimed by PIIX4 ACPI
[    0.420034] pci 0000:00:07.0: quirk: [io  0x4100-0x410f] claimed by PIIX4 SMB
[    0.432728] ACPI: PCI Interrupt Link [LNKA] (IRQs 5 9 10 *11)
[    0.436444] ACPI: PCI Interrupt Link [LNKB] (IRQs 5 9 *10 11)
[    0.440173] ACPI: PCI Interrupt Link [LNKC] (IRQs 5 *9 10 11)
[    0.444194] ACPI: PCI Interrupt Link [LNKD] (IRQs 5 9 10 *11)
[    0.448372] SCSI subsystem initialized
[    0.452104] pci 0000:00:02.0: vgaarb: setting as boot VGA device
[    0.456000] pci 0000:00:02.0: vgaarb: VGA device added: decodes=io+mem,owns=io+mem,locks=none
[    0.456010] pci 0000:00:02.0: vgaarb: bridge control possible
[    0.460007] vgaarb: loaded
[    0.464045] ACPI: bus type USB registered
[    0.466411] usbcore: registered new interface driver usbfs
[    0.468031] usbcore: registered new interface driver hub
[    0.472025] usbcore: registered new device driver usb
[    0.476092] EDAC MC: Ver: 3.0.0
[    0.478439] PCI: Using ACPI for IRQ routing
[    0.480462] NetLabel: Initializing
[    0.484002] NetLabel:  domain hash size = 128
[    0.486942] NetLabel:  protocols = UNLABELED CIPSOv4 CALIPSO
[    0.488036] NetLabel:  unlabeled traffic allowed by default
[    0.492134] clocksource: Switched to clocksource kvm-clock
[    0.520048] VFS: Disk quotas dquot_6.6.0
[    0.525583] VFS: Dquot-cache hash table entries: 512 (order 0, 4096 bytes)
[    0.530053] AppArmor: AppArmor Filesystem Enabled
[    0.533211] pnp: PnP ACPI init
[    0.537080] pnp: PnP ACPI: found 3 devices
[    0.546515] clocksource: acpi_pm: mask: 0xffffff max_cycles: 0xffffff, max_idle_ns: 2085701024 ns
[    0.552436] NET: Registered protocol family 2
[    0.555066] IP idents hash table entries: 8192 (order: 4, 65536 bytes)
[    0.559567] TCP established hash table entries: 4096 (order: 3, 32768 bytes)
[    0.564397] TCP bind hash table entries: 4096 (order: 4, 65536 bytes)
[    0.568622] TCP: Hash tables configured (established 4096 bind 4096)
[    0.572551] UDP hash table entries: 256 (order: 1, 8192 bytes)
[    0.576039] UDP-Lite hash table entries: 256 (order: 1, 8192 bytes)
[    0.581325] NET: Registered protocol family 1
[    0.584974] pci 0000:00:00.0: Limiting direct PCI/PCI transfers
[    0.589786] pci 0000:00:01.0: Activating ISA DMA hang workarounds
[    0.594857] pci 0000:00:02.0: Video device with shadowed ROM at [mem 0x000c0000-0x000dffff]
[    0.600373] Unpacking initramfs...
[    0.955002] Freeing initrd memory: 19528K
[    0.957923] clocksource: tsc: mask: 0xffffffffffffffff max_cycles: 0x26bef4a354e, max_idle_ns: 440795213564 ns
[    0.964114] platform rtc_cmos: registered platform RTC device (no PNP device found)
[    0.968991] Scanning for low memory corruption every 60 seconds
[    0.973122] Initialise system trusted keyrings
[    0.975653] Key type blacklist registered
[    0.978081] workingset: timestamp_bits=36 max_order=17 bucket_order=0
[    0.983354] zbud: loaded
[    0.985708] squashfs: version 4.0 (2009/01/31) Phillip Lougher
[    0.989453] fuse init (API version 7.26)
[    0.993968] Key type asymmetric registered
[    0.996814] Asymmetric key parser 'x509' registered
[    0.999960] Block layer SCSI generic (bsg) driver version 0.4 loaded (major 246)
[    1.004633] io scheduler noop registered
[    1.006875] io scheduler deadline registered
[    1.009717] io scheduler cfq registered (default)
[    1.012733] ACPI: AC Adapter [AC] (on-line)
[    1.015241] input: Power Button as /devices/LNXSYSTM:00/LNXPWRBN:00/input/input0
[    1.019722] ACPI: Power Button [PWRF]
[    1.022015] input: Sleep Button as /devices/LNXSYSTM:00/LNXSLPBN:00/input/input1
[    1.026688] ACPI: Sleep Button [SLPF]
[    1.030341] ACPI: Battery Slot [BAT0] (battery present)
[    1.033652] Serial: 8250/16550 driver, 32 ports, IRQ sharing enabled
[    1.064635] 00:02: ttyS0 at I/O 0x3f8 (irq = 4, base_baud = 115200) is a 16550A
[    1.071203] Linux agpgart interface v0.103
[    1.076030] loop: module loaded
[    1.078948] scsi host0: ata_piix
[    1.080897] scsi host1: ata_piix
[    1.083129] ata1: PATA max UDMA/33 cmd 0x1f0 ctl 0x3f6 bmdma 0xd000 irq 14
[    1.087286] ata2: PATA max UDMA/33 cmd 0x170 ctl 0x376 bmdma 0xd008 irq 15
[    1.093334] tun: Universal TUN/TAP device driver, 1.6
[    1.096384] PPP generic driver version 2.4.2
[    1.098918] ehci_hcd: USB 2.0 'Enhanced' Host Controller (EHCI) Driver
[    1.103220] ehci-pci: EHCI PCI platform driver
[    1.105804] ehci-platform: EHCI generic platform driver
[    1.108908] ohci_hcd: USB 1.1 'Open' Host Controller (OHCI) Driver
[    1.112382] ohci-pci: OHCI PCI platform driver
[    1.114861] ohci-platform: OHCI generic platform driver
[    1.118521] uhci_hcd: USB Universal Host Controller Interface driver
[    1.122935] i8042: PNP: PS/2 Controller [PNP0303:PS2K,PNP0f03:PS2M] at 0x60,0x64 irq 1,12
[    1.130063] serio: i8042 KBD port at 0x60,0x64 irq 1
[    1.133137] serio: i8042 AUX port at 0x60,0x64 irq 12
[    1.136435] mousedev: PS/2 mouse device common for all mice
[    1.140844] input: AT Translated Set 2 keyboard as /devices/platform/i8042/serio0/input/input2
[    1.148640] rtc_cmos rtc_cmos: rtc core: registered rtc_cmos as rtc0
[    1.154467] rtc_cmos rtc_cmos: alarms up to one day, 114 bytes nvram
[    1.159047] i2c /dev entries driver
[    1.161326] device-mapper: uevent: version 1.0.3
[    1.164393] device-mapper: ioctl: 4.37.0-ioctl (2017-09-20) initialised: dm-devel@redhat.com
[    1.169538] ledtrig-cpu: registered to indicate activity on CPUs
[    1.173437] NET: Registered protocol family 10
[    1.179416] Segment Routing with IPv6
[    1.181974] NET: Registered protocol family 17
[    1.185222] Key type dns_resolver registered
[    1.187922] mce: Using 0 MCE banks
[    1.190159] RAS: Correctable Errors collector initialized.
[    1.193654] sched_clock: Marking stable (1193596662, 0)->(1665337249, -471740587)
[    1.198043] registered taskstats version 1
[    1.200781] Loading compiled-in X.509 certificates
[    1.205434] Loaded X.509 cert 'Build time autogenerated kernel key: b5b26778eaa3ab3a4a6cee031137706e947d12ad'
[    1.211404] Loaded X.509 cert 'Canonical Ltd. Live Patch Signing: 14df34d1a87cf37625abec039ef2bf521249b969'
[    1.217979] Loaded X.509 cert 'Canonical Ltd. Kernel Module Signing: 88f752e560a1e0737e31163a466ad7b70a850c19'
[    1.223946] blacklist: Loading compiled-in revocation X.509 certificates
[    1.227866] Loaded X.509 cert 'Canonical Ltd. Secure Boot Signing: 61482aa2830d0ab2ad5af10b7250da9033ddcef0'
[    1.233975] Loaded X.509 cert 'Canonical Ltd. Secure Boot Signing (2017): 242ade75ac4a15e50d50c84b0d45ff3eae707a03'
[    1.239814] Loaded X.509 cert 'Canonical Ltd. Secure Boot Signing (ESM 2018): 365188c1d374d6b07c3c8f240f8ef722433d6a8b'
[    1.246939] Loaded X.509 cert 'Canonical Ltd. Secure Boot Signing (2019): c0746fd6c5da3ae827864651ad66ae47fe24b3e8'
[    1.298014] Loaded X.509 cert 'Canonical Ltd. Secure Boot Signing (2021 v1): a8d54bbb3825cfb94fa13c9f8a594a195c107b8d'
[    1.305713] Loaded X.509 cert 'Canonical Ltd. Secure Boot Signing (2021 v2): 4cf046892d6fd3c9a5b03f98d845f90851dc6a8c'
[    1.312253] Loaded X.509 cert 'Canonical Ltd. Secure Boot Signing (2021 v3): 100437bb6de6e469b581e61cd66bce3ef4ed53af'
[    1.318807] Loaded X.509 cert 'Canonical Ltd. Secure Boot Signing (Ubuntu Core 2019): c1d57b8f6b743f23ee41f4f7ee292f06eecadfb9'
[    1.325471] zswap: loaded using pool lzo/zbud
[    1.331456] Key type big_key registered
[    1.334276] Key type trusted registered
[    1.338405] Key type encrypted registered
[    1.341081] AppArmor: AppArmor sha1 policy hashing enabled
[    1.345088] ima: No TPM chip found, activating TPM-bypass! (rc=-19)
[    1.348853] ima: Allocated hash algorithm: sha1
[    1.352234] evm: HMAC attrs: 0x1
[    1.354739]   Magic number: 0:695:752
[    1.356969] tty ttyS3: hash matches
[    1.359479] rtc_cmos rtc_cmos: setting system clock to 2024-11-10 21:43:02 UTC (1731274982)
[    1.364769] BIOS EDD facility v0.16 2004-Jun-25, 0 devices found
[    1.369228] EDD information not available.
[    1.373576] Freeing unused kernel image memory: 2480K
[    1.384135] Write protecting the kernel read-only data: 20480k
[    1.388118] Freeing unused kernel image memory: 2008K
[    1.391509] Freeing unused kernel image memory: 1820K
[    1.398794] x86/mm: Checked W+X mappings: passed, no W+X pages found.
Loading, please wait...
starting version 237
[    1.492268] e1000: Intel(R) PRO/1000 Network Driver - version 7.3.21-k8-NAPI
[    1.496443] e1000: Copyright (c) 1999-2006 Intel Corporation.
[    1.501729] Fusion MPT base driver 3.04.20
[    1.504298] Copyright (c) 1999-2008 LSI Corporation
[    1.514643] Fusion MPT SPI Host driver 3.04.20
[    1.527623] SSE version of gcm_enc/dec engaged.
[    1.562417] mptbase: ioc0: Initiating bringup
[    1.673964] ioc0: LSI53C1030 A0: Capabilities={Initiator}
[    1.735190] input: ImExPS/2 Generic Explorer Mouse as /devices/platform/i8042/serio1/input/input4
[    1.931183] scsi host2: ioc0: LSI53C1030 A0, FwRev=00000000h, Ports=1, MaxQ=256, IRQ=20
[    2.104665] scsi 2:0:0:0: Direct-Access     VBOX     HARDDISK         1.0  PQ: 0 ANSI: 5
[    2.111775] scsi target2:0:0: Beginning Domain Validation
[    2.118980] scsi target2:0:0: Domain Validation skipping write tests
[    2.122786] scsi target2:0:0: Ending Domain Validation
[    2.126112] scsi target2:0:0: asynchronous
[    2.129790] scsi 2:0:1:0: Direct-Access     VBOX     HARDDISK         1.0  PQ: 0 ANSI: 5
[    2.134354] scsi target2:0:1: Beginning Domain Validation
[    2.141729] scsi target2:0:1: Domain Validation skipping write tests
[    2.145608] scsi target2:0:1: Ending Domain Validation
[    2.162406] scsi target2:0:1: asynchronous
[    2.262435] sd 2:0:0:0: Attached scsi generic sg0 type 0
[    2.266613] sd 2:0:0:0: [sda] 83886080 512-byte logical blocks: (42.9 GB/40.0 GiB)
[    2.278862] sd 2:0:1:0: [sdb] 20480 512-byte logical blocks: (10.5 MB/10.0 MiB)
[    2.283075] sd 2:0:1:0: Attached scsi generic sg1 type 0
[    2.286859] sd 2:0:0:0: [sda] Write Protect is off
[    2.289655] sd 2:0:1:0: [sdb] Write Protect is off
[    2.300284] sd 2:0:0:0: [sda] Incomplete mode parameter data
[    2.303948] sd 2:0:0:0: [sda] Assuming drive cache: write through
[    2.308213] sd 2:0:1:0: [sdb] Incomplete mode parameter data
[    2.311392] sd 2:0:1:0: [sdb] Assuming drive cache: write through
[    2.325263]  sda: sda1
[    2.329393] sd 2:0:0:0: [sda] Attached SCSI disk
[    2.334671] sd 2:0:1:0: [sdb] Attached SCSI disk
[    2.773094] e1000 0000:00:03.0 eth0: (PCI:33MHz:32-bit) 02:3b:7b:b7:3b:2d
[    2.777180] e1000 0000:00:03.0 eth0: Intel(R) PRO/1000 Network Connection
[    2.782358] e1000 0000:00:03.0 enp0s3: renamed from eth0
Begin: Loading essential drivers ... [    4.384050] raid6: sse2x1   gen() 18911 MB/s
[    4.436036] raid6: sse2x1   xor()  9335 MB/s
[    4.488087] raid6: sse2x2   gen() 20488 MB/s
[    4.540076] raid6: sse2x2   xor() 12893 MB/s
[    4.592040] raid6: sse2x4   gen() 21181 MB/s
[    4.644071] raid6: sse2x4   xor() 11912 MB/s
[    4.646942] raid6: using algorithm sse2x4 gen() 21181 MB/s
[    4.650504] raid6: .... xor() 11912 MB/s, rmw enabled
[    4.653714] raid6: using ssse3x2 recovery algorithm
[    4.658134] xor: measuring software checksum speed
[    4.768088]    prefetch64-sse: 62407.000 MB/sec
[    4.872376]    generic_sse: 57633.000 MB/sec
[    4.876069] xor: using function: prefetch64-sse (62407.000 MB/sec)
[    4.881622] async_tx: api initialized (async)
done.
Begin: Running /scripts/init-premount ... done.
Begin: Mounting root file system ... Begin: Running /scripts/local-top ... done.
Begin: Running /scripts/local-premount ... [    4.937254] Btrfs loaded, crc32c=crc32c-intel
Scanning for Btrfs filesystems
done.
Warning: fsck not present, so skipping root file system
[    4.988856] EXT4-fs (sda1): mounted filesystem with ordered data mode. Opts: (null)
done.
Begin: Running /scripts/local-bottom ... done.
Begin: Running /scripts/init-bottom ... done.
[    5.193640] ip_tables: (C) 2000-2006 Netfilter Core Team
[    5.210674] systemd[1]: systemd 237 running in system mode. (+PAM +AUDIT +SELINUX +IMA +APPARMOR +SMACK +SYSVINIT +UTMP +LIBCRYPTSETUP +GCRYPT +GNUTLS +ACL +XZ +LZ4 +SECCOMP +BLKID +ELFUTILS +KMOD -IDN2 +IDN -PCRE2 default-hierarchy=hybrid)
[    5.223700] systemd[1]: Detected virtualization oracle.
[    5.227469] systemd[1]: Detected architecture x86-64.

Welcome to [1mUbuntu 18.04.6 LTS[0m!

[    5.235710] systemd[1]: Set hostname to <ubuntu>.
[    5.243962] systemd[1]: Initializing machine ID from random generator.
[    5.248050] systemd[1]: Installed transient /etc/machine-id file.
[    5.505055] systemd[1]: Started Forward Password Requests to Wall Directory Watch.
[[0;32m  OK  [0m] Started Forward Password Requests to Wall Directory Watch.
[    5.513479] systemd[1]: Reached target User and Group Name Lookups.
[[0;32m  OK  [0m] Reached target User and Group Name Lookups.
[    5.520616] systemd[1]: Set up automount Arbitrary Executable File Formats File System Automount Point.
[[0;32m  OK  [0m] Set up automount Arbitrary Executab…rmats File System Automount Point.
[    5.530095] systemd[1]: Created slice System Slice.
[[0;32m  OK  [0m] Created slice System Slice.
[[0;32m  OK  [0m] Listening on Network Service Netlink Socket.
[[0;32m  OK  [0m] Listening on Journal Audit Socket.
[[0;32m  OK  [0m] Listening on Syslog Socket.
[[0;32m  OK  [0m] Reached target System Time Synchronized.
[[0;32m  OK  [0m] Listening on /dev/initctl Compatibility Named Pipe.
[[0;32m  OK  [0m] Listening on udev Control Socket.
[[0;32m  OK  [0m] Created slice system-serial\x2dgetty.slice.
[[0;32m  OK  [0m] Reached target Mounting snaps.
[[0;32m  OK  [0m] Listening on LVM2 metadata daemon socket.
[[0;32m  OK  [0m] Listening on udev Kernel Socket.
[[0;32m  OK  [0m] Listening on Journal Socket (/dev/log).
[[0;32m  OK  [0m] Reached target Mounted snaps.
[[0;32m  OK  [0m] Created slice User and Session Slice.
[[0;32m  OK  [0m] Listening on Device-mapper event daemon FIFOs.
[[0;32m  OK  [0m] Reached target Slices.
[[0;32m  OK  [0m] Listening on Journal Socket.
         Starting udev Coldplug all Devices...
         Starting Monitoring of LVM2 mirrors…ng dmeventd or progress polling...
         Starting Create list of required st…ce nodes for the current kernel...
         Starting Load Kernel Modules...
         Starting Set the console keyboard layout...
         Starting Uncomplicated firewall...
         Mounting POSIX Message Queue File System...
         Mounting Kernel Debug File System...
[    5.657879] Loading iSCSI transport class v2.0-870.
[[0;32m  OK  [0m] Listening on LVM2 poll daemon socket.
[[0;32m  OK  [0m] Listening on fsck to fsckd communication Socket.
         Starting File System Check on Root Device...
         Mounting Huge Pages File System...
         Starting Journal Service...
[[0;32m  OK  [0m] Reached target Swap.
[[0;32m  OK  [0m] Started Create list of required sta…vice nodes for the current kernel.
[[0;32m  OK  [0m] Started Uncomplicated firewall.
[[0;32m  OK  [0m] Mounted POSIX Message Queue File System.
[[0;32m  OK  [0m] Started LVM2 metadata daemon.
         Starting Create Static Device Nodes in /dev...
[[0;32m  OK  [0m] Mounted Kernel Debug File System.
[[0;32m  OK  [0m] Mounted Huge Pages File System.
[[0;32m  OK  [0m] Started File System Check Daemon to report status.
[    5.758362] iscsi: registered transport (tcp)
[[0;32m  OK  [0m] Started udev Coldplug all Devices.
[[0;32m  OK  [0m] Started Journal Service.
[[0;32m  OK  [0m] Started Create Static Device Nodes in /dev.
[[0;32m  OK  [0m] Started Monitoring of LVM2 mirrors,…sing dmeventd or progress polling.
[[0;32m  OK  [0m] Started File System Check on Root Device.
         Starting Remount Root and Kernel File Systems...
[    5.886230] iscsi: registered transport (iser)
[[0;32m  OK  [0m] Started Load Kernel Modules.
[    5.893017] EXT4-fs (sda1): re-mounted. Opts: (null)
         Mounting Kernel Configuration File System...
         Mounting FUSE Control File System...
         Starting Apply Kernel Variables...
[[0;32m  OK  [0m] Mounted FUSE Control File System.
[[0;32m  OK  [0m] Started Remount Root and Kernel File Systems.
[[0;32m  OK  [0m] Mounted Kernel Configuration File System.
         Starting Flush Journal to Persistent Storage...
         Starting Load/Save Random Seed...
         Starting udev Kernel Device Manager...
[[0;32m  OK  [0m] Started Apply Kernel Variables.
[[0;32m  OK  [0m] Started Load/Save Random Seed.
[[0;32m  OK  [0m] Started udev Kernel Device Manager.
[[0;32m  OK  [0m] Started Flush Journal to Persistent Storage.
[[0;32m  OK  [0m] Found device /dev/ttyS0.
[[0;32m  OK  [0m] Listening on Load/Save RF Kill Switch Status /dev/rfkill Watch.
[[0;32m  OK  [0m] Started Set the console keyboard layout.
[[0;32m  OK  [0m] Reached target Local File Systems (Pre).
[[0;32m  OK  [0m] Reached target Local File Systems.
         Starting Set console font and keymap...
         Starting Tell Plymouth To Write Out Runtime Data...
         Starting AppArmor initialization...
         Starting Create Volatile Files and Directories...
         Starting ebtables ruleset management...
         Starting Commit a transient machine-id on disk...
[[0;32m  OK  [0m] Started Dispatch Password Requests to Console Directory Watch.
[[0;32m  OK  [0m] Reached target Local Encrypted Volumes.
[[0;32m  OK  [0m] Started Tell Plymouth To Write Out Runtime Data.
[[0;32m  OK  [0m] Started Create Volatile Files and Directories.
         Mounting Arbitrary Executable File Formats File System...
         Starting Update UTMP about System Boot/Shutdown...
[[0;32m  OK  [0m] Started Commit a transient machine-id on disk.
[[0;32m  OK  [0m] Started Update UTMP about System Boot/Shutdown.
[[0;32m  OK  [0m] Mounted Arbitrary Executable File Formats File System.
[[0;32m  OK  [0m] Started ebtables ruleset management.
[[0;32m  OK  [0m] Started AppArmor initialization.
         Starting Initial cloud-init job (pre-networking)...
         Starting Load AppArmor profiles managed internally by snapd...
[[0;32m  OK  [0m] Started Load AppArmor profiles managed internally by snapd.
[[0;32m  OK  [0m] Started Set console font and keymap.
[    9.863160] cloud-init[770]: Cloud-init v. 23.1.2-0ubuntu0~18.04.1 running 'init-local' at Sun, 10 Nov 2024 21:43:10 +0000. Up 9.58 seconds.
[[0;32m  OK  [0m] Started Initial cloud-init job (pre-networking).
[[0;32m  OK  [0m] Reached target Network (Pre).
         Starting Network Service...
[[0;32m  OK  [0m] Started Network Service.
         Starting Network Name Resolution...
         Starting Wait for Network to be Configured...
[[0;32m  OK  [0m] Started Network Name Resolution.
[[0;32m  OK  [0m] Reached target Host and Network Name Lookups.
[[0;32m  OK  [0m] Reached target Network.
[[0;32m  OK  [0m] Started Wait for Network to be Configured.
         Starting Initial cloud-init job (metadata service crawler)...
[   11.806822] cloud-init[904]: Cloud-init v. 23.1.2-0ubuntu0~18.04.1 running 'init' at Sun, 10 Nov 2024 21:43:12 +0000. Up 11.69 seconds.
[   11.820432] cloud-init[904]: ci-info: ++++++++++++++++++++++++++++++++++++++Net device info++++++++++++++++++++++++++++++++++++++
[   11.831467] cloud-init[904]: ci-info: +--------+------+----------------------------+---------------+--------+-------------------+
[   11.851823] cloud-init[904]: ci-info: | Device |  Up  |          Address           |      Mask     | Scope  |     Hw-Address    |
[   11.859159] cloud-init[904]: ci-info: +--------+------+----------------------------+---------------+--------+-------------------+
[   11.874074] cloud-init[904]: ci-info: | enp0s3 | True |         10.0.2.15          | 255.255.255.0 | global | 02:3b:7b:b7:3b:2d |
[   11.879584] cloud-init[904]: ci-info: | enp0s3 | True | fd00::3b:7bff:feb7:3b2d/64 |       .       | global | 02:3b:7b:b7:3b:2d |
[   11.893973] cloud-init[904]: ci-info: | enp0s3 | True | fe80::3b:7bff:feb7:3b2d/64 |       .       |  link  | 02:3b:7b:b7:3b:2d |
[   11.908458] cloud-init[904]: ci-info: |   lo   | True |         127.0.0.1          |   255.0.0.0   |  host  |         .         |
[   11.914193] cloud-init[904]: ci-info: |   lo   | True |          ::1/128           |       .       |  host  |         .         |
[   11.927501] cloud-init[904]: ci-info: +--------+------+----------------------------+---------------+--------+-------------------+
[   11.935218] cloud-init[904]: ci-info: ++++++++++++++++++++++++++++Route IPv4 info+++++++++++++++++++++++++++++
[   11.941521] cloud-init[904]: ci-info: +-------+-------------+----------+-----------------+-----------+-------+
[   11.954258] cloud-init[904]: ci-info: | Route | Destination | Gateway  |     Genmask     | Interface | Flags |
[   11.962215] cloud-init[904]: ci-info: +-------+-------------+----------+-----------------+-----------+-------+
[   11.970262] cloud-init[904]: ci-info: |   0   |   0.0.0.0   | 10.0.2.2 |     0.0.0.0     |   enp0s3  |   UG  |
[   11.976453] cloud-init[904]: ci-info: |   1   |   10.0.2.0  | 0.0.0.0  |  255.255.255.0  |   enp0s3  |   U   |
[   11.981567] cloud-init[904]: ci-info: |   2   |   10.0.2.2  | 0.0.0.0  | 255.255.255.255 |   enp0s3  |   UH  |
[   11.989729] cloud-init[904]: ci-info: +-------+-------------+----------+-----------------+-----------+-------+
[   12.002709] cloud-init[904]: ci-info: +++++++++++++++++++Route IPv6 info+++++++++++++++++++
[   12.011850] cloud-init[904]: ci-info: +-------+-------------+---------+-----------+-------+
[   12.019646] cloud-init[904]: ci-info: | Route | Destination | Gateway | Interface | Flags |
[   12.026344] cloud-init[904]: ci-info: +-------+-------------+---------+-----------+-------+
[   12.035282] cloud-init[904]: ci-info: |   1   |  fd00::/64  |    ::   |   enp0s3  |   U   |
[   12.040259] cloud-init[904]: ci-info: |   2   |  fe80::/64  |    ::   |   enp0s3  |   U   |
[   12.048584] cloud-init[904]: ci-info: |   3   |     ::/0    | fe80::2 |   enp0s3  |   UG  |
[   12.054542] cloud-init[904]: ci-info: |   5   |    local    |    ::   |   enp0s3  |   U   |
[   12.077254] cloud-init[904]: ci-info: |   6   |   ff00::/8  |    ::   |   enp0s3  |   U   |
[   12.086154] cloud-init[904]: ci-info: +-------+-------------+---------+-----------+-------+
[   12.695106] cloud-init[904]: Generating public/private rsa key pair.
[   12.711358] cloud-init[904]: Your identification has been saved in /etc/ssh/ssh_host_rsa_key.
[   12.716544] cloud-init[904]: Your public key has been saved in /etc/ssh/ssh_host_rsa_key.pub.
[   12.721185] cloud-init[904]: The key fingerprint is:
[   12.732978] cloud-init[904]: SHA256:PZYGlnQPxXxZ/rsZhwPfp7zbjUaEZXDs6YFGh6a2joA root@ubuntu-bionic
[   12.736986] cloud-init[904]: The key's randomart image is:
[   12.752798] cloud-init[904]: +---[RSA 2048]----+
[   12.757005] cloud-init[904]: |        . o+o+.o.|
[   12.761221] cloud-init[904]: |       . o o*.B. |
[   12.773829] cloud-init[904]: |        +  +.O ..|
[   12.776970] cloud-init[904]: |       . oo.+ = .|
[   12.779845] cloud-init[904]: |     .  S.*o.o ..|
[   12.791845] cloud-init[904]: |    E .  o.. ooo.|
[   12.795843] cloud-init[904]: |       . o   .+o+|
[   12.799007] cloud-init[[0;32m  OK  [0m] Started Initial cloud-init job (metadata service crawler).[904]: |        . .  ..=B|
[   12.806499] cloud-init[904]: 
[[0;32m  OK  [0m] Reached target System Initialization.
|             .*=o|
[[0;32m  OK  [0m] Started ACPI Events Check.
[   12.822544] cloud-init[904]: [[0;32m  OK  [0m] Listening on D-Bus System Message Bus Socket.
+----[SHA256]-----+
[   12.831105] cloud-init[[0;32m  OK  [0m] Listening on cloud-init hotplug hook socket.
[[0;32m  OK  [0m] Started Ubuntu Advantage Timer for running repeated jobs.[904]: Generating public/private dsa key pair.
[   12.842744] cloud-init[904]: 
[[0;32m  OK  [0m] Started Daily Cleanup of Temporary Directories.
[Your identification has been saved in /etc/ssh/ssh_host_dsa_key.[0;32m  OK  [0m] Listening on UUID daemon activation socket.
[[0;32m  OK  [0m
[   12.856994] cloud-init[904]: Your public key has been saved in /etc/ssh/ssh_host_dsa_key.pub.] Started Message of the Day.

         Starting LXD - unix socket.
         [   12.868302] cloud-init[904]: The key fingerprint is:
[   12.871144] cloud-init[904]: SHA256:y/XThQrbXFvTd+abYa21aIAvMuVOhMRTrswVJc4FpMw root@ubuntu-bionic
[   12.876098] Starting Socket activation for snappy daemon.
[[0;32m  OK  [0m] Listening on Open-iSCSI iscsid Socket.
[[0;32m  OK  [0m] Started Discard unused blocks once a week.
[cloud-init[904]: The key's randomart image is:
[0;32m  OK  [0m] Started Daily apt download activities.
[[0;32m  OK  [0m] Started Daily apt upgrade and clean activities.
[   12.900810] cloud-init[904]: +---[DSA 1024]----+
[   12.903667] [[0;32m  OK  [0m] Reached target Timers.
[[0;32m  OK  [0mcloud-init[904]: ] Listening on ACPID Listen Socket.
[[0;32m  OK  [0m|        .*oo     |
[   12.918535] cloud-init[904]: ] Reached target Paths.
[[0;32m  OK  [0m] Reached target Cloud-config availability.|      + * +      |
[   12.926008] cloud-init[904]: |       E =       |
[[0;32m  OK  [0m] Reached target Network is Online.

[   12.932691] cloud-init[904]: |      + =      ..|
[   12.936508]          Starting Availability of block devices...
[cloud-init[904]: |       =S.+   o.B|
[   12.942362] cloud-init[904]: |       ..= B + *=|[0;32m  OK  [0m] Reached target Remote File Systems (Pre).
[[0;32m  OK  [0m] Reached target Remote File Systems.
[[0;32m  OK  [0m] 
[   12.959037] cloud-initListening on LXD - unix socket.
[[0;32m  OK  [0m] Listening on Socket activation for snappy daemon.[904]: |        =.o B oo+|

[[0;32m  OK  [0m] Started Availability of block devices.
[   12.973883] cloud-init[904]: |       o.o . ooo=|[[0;32m  OK  [0m] Reached target Sockets.
[[0;32m  OK  [0m] Reached target Basic System.
[   12.985626] cloud-init[904]: |        +.. ...+ |

         Starting Permit User Sessions...
[[0;32m  OK  [0m] Reached target Login Prompts (Pre).
         Starting Snap Daemon...
[   13.003544] cloud-init[904]: +----[SHA256]-----+
         Starting Login Service...
[[0;32m  OK  [0m] Started D-Bus System Message Bus.
[   13.026918] cloud-init[904]: Generating public/private ecdsa key pair.
[   13.045097] cloud-init[904]: Your identification has been saved in /etc/ssh/ssh_host_ecdsa_key.
[   13.063266] cloud-init[904]: Your public key has been saved in /etc/ssh/ssh_host_ecdsa_key.pub.
[   13.078213] cloud-init[904]: The key fingerprint is:
[   13.089335] cloud-init[904]: SHA256:ZozGj1N7WZgWgcTNEVNhLFl/bvmukczuk3PlS9fvBGo root@ubuntu-bionic
[   13.103605] cloud-init[904]: The key's randomart image is:
[   13.122997] cloud-init[904]: +---[ECDSA 256]---+
[   13.132332] cloud-init[904]: |       o.+=B=.   |
[   13.146371] cloud-init[904]: |        o =+..   |
[   13.154613] cloud-init[904]: |          ..  . .|
[[0;32m  OK  [0m] Started Deferred execution scheduler.
         Starting LSB: automatic crash report generation...
[[0;32m  OK  [0m[   13.181159] ] Started irqbalance daemon.cloud-init
[904]: |     . o   +   o.|
[   13.192541] cloud-init[904]: |      + S + . ..o|
[   13.197101] cloud-init[904]: |     . * o o + ++|
[   13.210208] cloud-init[904]: |      o o o E =+*|
[   13.219838] cloud-init[904]: |       . . . .=+=|
[   13.230618] cloud-init[904]: |             .+B=|
[   13.244730] cloud-init[904]: +----[SHA256]-----+
[   13.254400] cloud-init[904]: Generating public/private ed25519 key pair.
[   13.266980] cloud-init[904]: Your identification has been saved in /etc/ssh/ssh_host_ed25519_key.
[   13.273191] cloud-init[904]: Your public key has been saved in /etc/ssh/ssh_host_ed25519_key.pub.
[   13.278207] cloud-init[904]: The key fingerprint is:
[   13.284019] cloud-init[904]: SHA256:sn8oHO80hwyny9dd2sZHxYPg73y0VUapa27A4OaKNT4 root@ubuntu-bionic
[   13.292401] cloud-init[904]: The key's randomart image is:
[   13.295204] cloud-init[904]: +--[ED25519 256]--+
[[0;32m  OK  [0m] Started Regular background program processing daemon.
         Starting Virtualbox guest utils...
[   13.328614]          Starting Pollinate to seed the pseudo random number generator...
         Starting System Logging Service...
cloud-init[904]: |                .|
         Starting LSB: Record successful boot for GRUB...
         Starting Dispatcher daemon for systemd-networkd...
         Starting Accounts Service...
         Starting LXD - container startup/shutdown...
[[0;32m  OK  [0m[   13.382186] ] Started FUSE filesystem for LXC.
[[0;32m  OK  [0m] Started Permit User Sessions.
cloud-init[904]: |           .   ..|
[   13.440589] cloud-init[904]: |          . . oo |
[   13.450538] cloud-init[904]: |         . . o .=|
[   13.459498] cloud-init[904]: |      o S o . ..+|
[   13.467486] cloud-init[904]: |      .B + o +..o|
[   13.497673] cloud-init[904]: |     .o=Bo..*=..o|
[   13.505115] cloud-init[904]: |     .*E=+o o=+o.|[[0;32m  OK  [0m] Started Login Service.
[[0;32m  OK  [0m] Started Unattended Upgrades Shutdown.
         Starting Hostname Service...

         Starting Hold until boot process finishes up...
         Starting Terminate Plymouth Boot Screen...
[[0;32m  OK  [0m] Started Hold until boot process finishes up.
[[0;32m  OK  [0m] Started Serial Getty on ttyS0.
         Starting Set console scheme...
[[0;32m  OK  [0m] Started Terminate Plymouth Boot Screen.
[   13.644291] cloud-init[904]: |     .o*=.  .... |
[   13.674036] cloud-init[904]: +----[SHA256]-----+
[[0;32m  OK  [0m] Started Set console scheme.
[[0;32m  OK  [0m] Started Hostname Service.
[[0;32m  OK  [0m] Started LSB: automatic crash report generation.
[[0;32m  OK  [0m] Created slice system-getty.slice.
[[0;32m  OK  [0m] Started Getty on tty1.
[[0;32m  OK  [0m] Reached target Login Prompts.
         Starting Authorization Manager...
[[0;32m  OK  [0m] Started System Logging Service.
[[0;32m  OK  [0m] Started LSB: Record successful boot for GRUB.
[[0;32m  OK  [0m] Started Authorization Manager.
[[0;32m  OK  [0m] Started LXD - container startup/shutdown.
[[0;32m  OK  [0m] Started Accounts Service.
[[0;32m  OK  [0m] Started Virtualbox guest utils.
[[0;32m  OK  [0m] Started Snap Daemon.
         Starting Wait until snapd is fully seeded...
[[0;32m  OK  [0m] Started Dispatcher daemon for systemd-networkd.
[[0;32m  OK  [0m] Started Pollinate to seed the pseudo random number generator.
         Starting OpenBSD Secure Shell server...
[[0;32m  OK  [0m] Started OpenBSD Secure Shell server.
         Starting Time & Date Service...
[[0;32m  OK  [0m] Started Time & Date Service.
[[0;32m  OK  [0m] Created slice User Slice of vagrant.
         Starting User Manager for UID 1000...
[[0;32m  OK  [0m] Started Session 1 of user vagrant.
[[0;32m  OK  [0m] Started User Manager for UID 1000.
[[0;32m  OK  [0m] Started Wait until snapd is fully seeded.
         Starting Apply the settings specified in cloud-config...
[   18.155464] cloud-init[1447]: Cloud-init v. 23.1.2-0ubuntu0~18.04.1 running 'modules:config' at Sun, 10 Nov 2024 21:43:18 +0000. Up 17.77 seconds.
[[0;32m  OK  [0m] Started Apply the settings specified in cloud-config.
[[0;32m  OK  [0m] Reached target Multi-User System.
[[0;32m  OK  [0m] Reached target Graphical Interface.
         Starting Update UTMP about System Runlevel Changes...
         Starting Execute cloud user/final scripts...
[[0;32m  OK  [0m] Started Update UTMP about System Runlevel Changes.
ci-info: no authorized SSH keys fingerprints found for user ubuntu.
<14>Nov 10 21:43:20 cloud-init: #############################################################
<14>Nov 10 21:43:20 cloud-init: -----BEGIN SSH HOST KEY FINGERPRINTS-----
<14>Nov 10 21:43:20 cloud-init: 1024 SHA256:y/XThQrbXFvTd+abYa21aIAvMuVOhMRTrswVJc4FpMw root@ubuntu-bionic (DSA)
<14>Nov 10 21:43:20 cloud-init: 256 SHA256:ZozGj1N7WZgWgcTNEVNhLFl/bvmukczuk3PlS9fvBGo root@ubuntu-bionic (ECDSA)
<14>Nov 10 21:43:20 cloud-init: 256 SHA256:sn8oHO80hwyny9dd2sZHxYPg73y0VUapa27A4OaKNT4 root@ubuntu-bionic (ED25519)
<14>Nov 10 21:43:20 cloud-init: 2048 SHA256:PZYGlnQPxXxZ/rsZhwPfp7zbjUaEZXDs6YFGh6a2joA root@ubuntu-bionic (RSA)
<14>Nov 10 21:43:20 cloud-init: -----END SSH HOST KEY FINGERPRINTS-----
<14>Nov 10 21:43:20 cloud-init: #############################################################
-----BEGIN SSH HOST KEY KEYS-----
ecdsa-sha2-nistp256 AAAAE2VjZHNhLXNoYTItbmlzdHAyNTYAAAAIbmlzdHAyNTYAAABBBNaP/SLw+yHmWMbt+XSiAGLXJE/IaNR3i7kj7UZUcN68sU9KjBmPwvQqY1axo5Idqe/n4bNBHagylHtRTus2OKk= root@ubuntu-bionic
ssh-ed25519 AAAAC3NzaC1lZDI1NTE5AAAAIMYjHBBNeVF3e0+tsS8sj5IiLkmzQReMhptCb+9UFkpf root@ubuntu-bionic
ssh-rsa AAAAB3NzaC1yc2EAAAADAQABAAABAQCxVv2L+/MeYxEZsq1zHVxUZldBCjgIoNDVaKEvIgSALLJFELdevowMNmWJ//64OSmBNDPgOgKUk7WUjnyT1r0FPJnZOIGjfQvBEOWU1jukI2yC2bKLO99VSDWk6+0EKaZhVlpiTUmIP4sGxXoluTYx7/6tRc+0qADmyhCqVFQdEXmPGXMPZCVxLhS9Ox4Z3eOUC/9kIEMWL0VrphCxAH4XOHN/LPtaEPAolK7Sl9at/3J/LJrzzblR0IcBzAlRxQAT5DW8BP1S5QiEozTNtN96m7IednSs3wcx6ZkO4v4VaWi1J632TkEqm7+yY8hLl7IFsgIhDNKE+7f6bOqZZg+l root@ubuntu-bionic
-----END SSH HOST KEY KEYS-----
[   19.072462] cloud-init[1554]: Cloud-init v. 23.1.2-0ubuntu0~18.04.1 running 'modules:final' at Sun, 10 Nov 2024 21:43:19 +0000. Up 18.82 seconds.
[   19.088242] cloud-init[1554]: Cloud-init v. 23.1.2-0ubuntu0~18.04.1 finished at Sun, 10 Nov 2024 21:43:20 +0000. Datasource DataSourceNoCloud [seed=/dev/sdb][dsmode=net].  Up 19.06 seconds

Ubuntu 18.04.6 LTS ubuntu-bionic ttyS0

ubuntu-bionic login: 